<?xml version="1.0" encoding="UTF-8"?>
<testsuite xmlns:xsi="http://www.w3.org/2001/XMLSchema-instance" xsi:noNamespaceSchemaLocation="https://maven.apache.org/surefire/maven-surefire-plugin/xsd/surefire-test-report-3.0.xsd" version="3.0" name="com.videoplatform.videoplatform.VideoPlatformApplicationTests" time="22.217" tests="1" errors="0" skipped="0" failures="0">
  <properties>
[...]
</properties>
  <testcase name="contextLoads" classname="com.videoplatform.videoplatform.VideoPlatformApplicationTests" time="0.063">
    <system-out><![CDATA[Standard Commons Logging discovery in action with spring-jcl: please remove commons-logging.jar from classpath in order to avoid potential conflicts
12:05:59.978 [main] INFO org.springframework.test.context.support.AnnotationConfigContextLoaderUtils - Could not detect default configuration classes for test class [com.videoplatform.videoplatform.VideoPlatformApplicationTests]: VideoPlatformApplicationTests does not declare any static, non-private, non-final, nested classes annotated with @Configuration.
12:06:00.332 [main] INFO org.springframework.boot.test.context.SpringBootTestContextBootstrapper - Found @SpringBootConfiguration com.videoplatform.videoplatform.VideoPlatformApplication for test class com.videoplatform.videoplatform.VideoPlatformApplicationTests
12:06:00.930 [main] INFO org.springframework.boot.devtools.restart.RestartApplicationListener - Restart disabled due to context in which it is running

  .   ____          _            __ _ _
 /\\ / ___'_ __ _ _(_)_ __  __ _ \ \ \ \
( ( )\___ | '_ | '_| | '_ \/ _` | \ \ \ \
 \\/  ___)| |_)| | | | | || (_| |  ) ) ) )
  '  |____| .__|_| |_|_| |_\__, | / / / /
 =========|_|==============|___/=/_/_/_/

 :: Spring Boot ::                (v3.3.1)

2024-07-21T12:06:01.842Z  INFO 7972 --- [videoplatform] [           main] c.v.v.VideoPlatformApplicationTests      : Starting VideoPlatformApplicationTests using Java 21.0.1 with PID 7972 (started by Rafiatu in E:\Java projects\videoplatform)
2024-07-21T12:06:01.845Z  INFO 7972 --- [videoplatform] [           main] c.v.v.VideoPlatformApplicationTests      : No active profile set, falling back to 1 default profile: "default"
2024-07-21T12:06:04.590Z  INFO 7972 --- [videoplatform] [           main] .s.d.r.c.RepositoryConfigurationDelegate : Bootstrapping Spring Data JPA repositories in DEFAULT mode.
2024-07-21T12:06:04.757Z  INFO 7972 --- [videoplatform] [           main] .s.d.r.c.RepositoryConfigurationDelegate : Finished Spring Data repository scanning in 146 ms. Found 2 JPA repository interfaces.
2024-07-21T12:06:06.436Z  INFO 7972 --- [videoplatform] [           main] o.hibernate.jpa.internal.util.LogHelper  : HHH000204: Processing PersistenceUnitInfo [name: default]
2024-07-21T12:06:06.633Z  INFO 7972 --- [videoplatform] [           main] org.hibernate.Version                    : HHH000412: Hibernate ORM core version 6.5.2.Final
2024-07-21T12:06:06.740Z  INFO 7972 --- [videoplatform] [           main] o.h.c.internal.RegionFactoryInitiator    : HHH000026: Second-level cache disabled
2024-07-21T12:06:07.769Z  INFO 7972 --- [videoplatform] [           main] o.s.o.j.p.SpringPersistenceUnitInfo      : No LoadTimeWeaver setup: ignoring JPA class transformer
2024-07-21T12:06:07.852Z  INFO 7972 --- [videoplatform] [           main] com.zaxxer.hikari.HikariDataSource       : HikariPool-1 - Starting...
2024-07-21T12:06:11.577Z  INFO 7972 --- [videoplatform] [           main] com.zaxxer.hikari.pool.HikariPool        : HikariPool-1 - Added connection org.postgresql.jdbc.PgConnection@d76099a
2024-07-21T12:06:11.580Z  INFO 7972 --- [videoplatform] [           main] com.zaxxer.hikari.HikariDataSource       : HikariPool-1 - Start completed.
2024-07-21T12:06:15.235Z  INFO 7972 --- [videoplatform] [           main] o.h.e.t.j.p.i.JtaPlatformInitiator       : HHH000489: No JTA platform available (set 'hibernate.transaction.jta.platform' to enable JTA platform integration)
2024-07-21T12:06:16.671Z  INFO 7972 --- [videoplatform] [           main] j.LocalContainerEntityManagerFactoryBean : Initialized JPA EntityManagerFactory for persistence unit 'default'
2024-07-21T12:06:16.714Z  INFO 7972 --- [videoplatform] [           main] c.v.v.configuration.AWSConfig            : AWS Access Key: AKIA5FTY6YAG2NSXVN7E
2024-07-21T12:06:16.715Z  INFO 7972 --- [videoplatform] [           main] c.v.v.configuration.AWSConfig            : AWS Secret Key: 5s/OcT/Cc9692uq0HQ5z6/BFZ6gFNpD0avExkbdU
2024-07-21T12:06:16.715Z  INFO 7972 --- [videoplatform] [           main] c.v.v.configuration.AWSConfig            : AWS Region: eu-north-1
2024-07-21T12:06:19.302Z  WARN 7972 --- [videoplatform] [           main] JpaBaseConfiguration$JpaWebConfiguration : spring.jpa.open-in-view is enabled by default. Therefore, database queries may be performed during view rendering. Explicitly configure spring.jpa.open-in-view to disable this warning
2024-07-21T12:06:19.391Z  INFO 7972 --- [videoplatform] [           main] eAuthenticationProviderManagerConfigurer : Global AuthenticationManager configured with AuthenticationProvider bean with name authenticationProvider
2024-07-21T12:06:19.393Z  WARN 7972 --- [videoplatform] [           main] r$InitializeUserDetailsManagerConfigurer : Global AuthenticationManager configured with an AuthenticationProvider bean. UserDetailsService beans will not be used for username/password login. Consider removing the AuthenticationProvider bean. Alternatively, consider using the UserDetailsService in a manually instantiated DaoAuthenticationProvider.
2024-07-21T12:06:21.419Z  INFO 7972 --- [videoplatform] [           main] c.v.v.VideoPlatformApplicationTests      : Started VideoPlatformApplicationTests in 20.528 seconds (process running for 25.263)
]]></system-out>
  </testcase>
</testsuite>